  Game.cpp
E:\Autre\Ecole\ESGI\4AL\c++\noxxaz\Nozzax\Game.cpp(79,99): warning C4244: 'argument' : conversion de 'T' en 'float', perte possible de données
          with
          [
              T=unsigned int
          ]
E:\Autre\Ecole\ESGI\4AL\c++\noxxaz\Nozzax\Game.cpp(79,47): warning C4244: 'argument' : conversion de 'T' en 'float', perte possible de données
          with
          [
              T=unsigned int
          ]
E:\Autre\Ecole\ESGI\4AL\c++\noxxaz\Nozzax\Game.cpp(108,76): warning C4244: 'argument' : conversion de 'double' en 'float', perte possible de données
E:\Autre\Ecole\ESGI\4AL\c++\noxxaz\Nozzax\Game.cpp(108,45): warning C4244: 'argument' : conversion de 'double' en 'float', perte possible de données
E:\Autre\Ecole\ESGI\4AL\c++\noxxaz\Nozzax\Game.cpp(110,22): warning C4305: 'argument' : troncation de 'double' à 'float'
E:\Autre\Ecole\ESGI\4AL\c++\noxxaz\Nozzax\Game.cpp(153,30): warning C4305: 'argument' : troncation de 'double' à 'float'
E:\Autre\Ecole\ESGI\4AL\c++\noxxaz\Nozzax\Game.cpp(157,11): warning C4244: 'argument' : conversion de 'int' en 'float', perte possible de données
E:\Autre\Ecole\ESGI\4AL\c++\noxxaz\Nozzax\Game.cpp(156,69): warning C4244: 'argument' : conversion de 'T' en 'float', perte possible de données
          with
          [
              T=unsigned int
          ]
E:\Autre\Ecole\ESGI\4AL\c++\noxxaz\Nozzax\Game.cpp(187,29): warning C4305: 'argument' : troncation de 'double' à 'float'
E:\Autre\Ecole\ESGI\4AL\c++\noxxaz\Nozzax\Game.cpp(252,26): warning C4244: 'argument' : conversion de 'double' en 'T', perte possible de données
          with
          [
              T=float
          ]
E:\Autre\Ecole\ESGI\4AL\c++\noxxaz\Nozzax\Game.cpp(336,32): warning C4305: 'argument' : troncation de 'double' à 'float'
E:\Autre\Ecole\ESGI\4AL\c++\noxxaz\Nozzax\Game.cpp(340,57): warning C4244: 'argument' : conversion de 'double' en 'float', perte possible de données
  Nozzax.vcxproj -> E:\Autre\Ecole\ESGI\4AL\c++\noxxaz\x64\Debug\Nozzax.exe
